SF:lib/data/reddit_api/modmail_repository.dart
DA:7,2
DA:10,2
DA:12,4
DA:13,2
DA:14,2
DA:15,2
DA:19,4
DA:20,0
DA:22,4
DA:24,2
DA:25,2
DA:26,14
DA:27,2
DA:31,6
DA:33,8
DA:34,6
DA:35,0
DA:36,4
DA:37,2
LF:19
LH:17
end_of_record
SF:lib/features/auth/auth_provider.dart
DA:4,11
DA:5,2
DA:8,26
DA:9,4
DA:10,2
LF:5
LH:5
end_of_record
SF:lib/data/reddit_api/modqueue_repository.dart
DA:5,6
DA:7,6
DA:8,2
DA:9,6
DA:10,0
DA:11,4
DA:12,2
LF:7
LH:6
end_of_record
SF:lib/data/reddit_api/reddit_client.dart
DA:5,2
DA:9,2
DA:12,4
DA:13,2
DA:14,2
DA:15,2
DA:19,4
DA:20,0
DA:22,4
DA:23,2
DA:24,2
DA:25,2
LF:12
LH:11
end_of_record
SF:lib/features/auth/auth_service.dart
DA:10,4
DA:16,1
DA:18,1
DA:19,1
DA:20,1
DA:28,1
DA:33,0
DA:35,0
DA:37,0
DA:39,0
DA:41,0
DA:44,0
DA:48,1
DA:49,2
DA:50,2
DA:51,2
DA:54,3
DA:55,6
LF:18
LH:12
end_of_record
SF:lib/features/modqueue/modqueue_screen.dart
DA:6,6
DA:8,1
DA:10,2
DA:11,1
DA:12,1
DA:13,1
DA:14,1
DA:15,1
DA:18,1
DA:19,1
DA:20,1
DA:21,2
DA:23,2
DA:24,0
DA:26,2
DA:30,1
DA:31,0
LF:17
LH:15
end_of_record
SF:lib/main.dart
DA:11,0
DA:12,0
DA:15,4
DA:16,8
DA:17,4
DA:18,4
DA:19,6
DA:20,8
DA:21,4
DA:23,0
DA:25,4
DA:27,0
DA:31,4
DA:32,4
DA:33,8
DA:42,9
DA:44,4
DA:46,4
DA:47,4
DA:50,4
DA:51,4
LF:21
LH:17
end_of_record
SF:lib/core/routing/go_router_notifier.dart
DA:6,4
DA:7,16
DA:8,4
DA:14,4
DA:15,18
DA:18,16
DA:21,4
LF:7
LH:7
end_of_record
SF:lib/core/theme/app_theme.dart
DA:4,4
DA:5,4
DA:6,4
DA:12,4
DA:13,4
DA:14,4
LF:6
LH:6
end_of_record
SF:lib/features/auth/auth_screen.dart
DA:6,5
DA:8,4
DA:10,4
DA:11,4
DA:12,4
DA:13,4
DA:14,0
DA:15,0
LF:8
LH:6
end_of_record
SF:lib/features/home/home_screen.dart
DA:6,5
DA:8,2
DA:10,2
DA:11,2
DA:13,2
DA:14,2
DA:16,1
DA:17,3
LF:8
LH:8
end_of_record
SF:lib/features/modmail/modmail_screen.dart
DA:6,6
DA:8,1
DA:10,2
DA:11,1
DA:12,1
DA:13,1
DA:14,1
DA:15,1
DA:18,1
DA:19,1
DA:20,1
DA:21,1
DA:22,2
DA:23,2
DA:27,1
DA:28,0
LF:16
LH:15
end_of_record
