SF:lib/features/auth/auth_service.dart
DA:10,4
DA:16,1
DA:18,1
DA:19,1
DA:20,1
DA:28,1
DA:33,0
DA:35,0
DA:37,0
DA:39,0
DA:41,0
DA:44,0
DA:48,1
DA:49,2
DA:50,2
DA:51,2
DA:54,3
DA:55,6
LF:18
LH:12
end_of_record
SF:lib/core/routing/go_router_notifier.dart
DA:6,4
DA:7,16
DA:8,4
DA:14,22
DA:17,16
DA:18,4
LF:6
LH:6
end_of_record
SF:lib/features/auth/auth_provider.dart
DA:4,11
DA:5,2
DA:8,14
DA:9,4
DA:10,2
LF:5
LH:5
end_of_record
SF:lib/core/theme/app_theme.dart
DA:4,4
DA:5,4
DA:6,4
DA:12,4
DA:13,4
DA:14,4
LF:6
LH:6
end_of_record
SF:lib/features/auth/auth_screen.dart
DA:6,5
DA:8,4
DA:10,4
DA:11,4
DA:12,4
DA:13,4
DA:14,0
DA:15,0
LF:8
LH:6
end_of_record
SF:lib/features/home/home_screen.dart
DA:6,5
DA:8,2
DA:10,2
DA:11,2
DA:13,2
DA:14,2
DA:16,1
DA:17,3
LF:8
LH:8
end_of_record
SF:lib/main.dart
DA:9,0
DA:10,0
DA:13,4
DA:14,8
DA:15,4
DA:16,4
DA:17,6
DA:18,8
DA:21,4
DA:22,4
DA:23,8
DA:32,9
DA:34,4
DA:36,4
DA:37,4
DA:40,4
DA:41,4
LF:17
LH:15
end_of_record
